<?xml version="1.0" encoding="UTF-8"?>
<!-- Generated by org.testng.reporters.JUnitReportReporter -->
<testsuite skipped="0" hostname="vani-pavani" name="com.quintype.twitter.TwitterTask" tests="1" failures="0" timestamp="25 Dec 2018 14:12:41 GMT" time="15.899" errors="0">
  <testcase name="twitter" time="15.899" classname="com.quintype.twitter.TwitterTask"/>
</testsuite> <!-- com.quintype.twitter.TwitterTask -->
