<?xml version="1.0" encoding="UTF-8"?>
<!-- Generated by org.testng.reporters.JUnitReportReporter -->
<testsuite skipped="0" hostname="vani-pavani" name="com.quintype.twitter.Twitter" tests="3" failures="0" timestamp="26 Dec 2018 04:16:50 GMT" time="40.898" errors="0">
  <testcase name="followProfile" time="31.478" classname="com.quintype.twitter.Twitter"/>
  <testcase name="validate" time="3.066" classname="com.quintype.twitter.Twitter"/>
  <testcase name="unfollowAndLogout" time="6.354" classname="com.quintype.twitter.Twitter"/>
</testsuite> <!-- com.quintype.twitter.Twitter -->
